мар. 27, 2025 4:54:22 AM app.linker.Composite <init>
INFO: Composite created
мар. 27, 2025 4:54:29 AM app.linker.Composite select
FINE: Selecting decorate object
мар. 27, 2025 4:54:29 AM app.linker.Composite select
FINE: Selected decorate object
мар. 27, 2025 4:54:30 AM app.linker.Composite saveCoord
FINER: Saving coordinates for all components
мар. 27, 2025 4:54:31 AM app.linker.Composite changeXY
FINER: Changing coordinates by (-1,0,0,0)
мар. 27, 2025 4:54:31 AM app.linker.Composite changeXY
FINER: Changing coordinates by (-1,0,1,0)
мар. 27, 2025 4:54:31 AM app.linker.Composite changeXY
FINER: Changing coordinates by (-2,0,1,0)
мар. 27, 2025 4:54:31 AM app.linker.Composite changeXY
FINER: Changing coordinates by (-2,0,2,0)
мар. 27, 2025 4:54:31 AM app.linker.Composite changeXY
FINER: Changing coordinates by (-3,0,3,0)
мар. 27, 2025 4:54:31 AM app.linker.Composite changeXY
FINER: Changing coordinates by (-3,0,4,0)
мар. 27, 2025 4:54:31 AM app.linker.Composite changeXY
FINER: Changing coordinates by (-4,0,4,0)
мар. 27, 2025 4:54:31 AM app.linker.Composite changeXY
FINER: Changing coordinates by (-4,0,5,0)
мар. 27, 2025 4:54:31 AM app.linker.Composite changeXY
FINER: Changing coordinates by (-5,0,6,0)
мар. 27, 2025 4:54:31 AM app.linker.Composite changeXY
FINER: Changing coordinates by (-6,0,7,0)
мар. 27, 2025 4:54:31 AM app.linker.Composite changeXY
FINER: Changing coordinates by (-7,0,7,0)
мар. 27, 2025 4:54:31 AM app.linker.Composite changeXY
FINER: Changing coordinates by (-7,0,8,0)
мар. 27, 2025 4:54:31 AM app.linker.Composite changeXY
FINER: Changing coordinates by (-8,0,8,0)
мар. 27, 2025 4:54:31 AM app.linker.Composite changeXY
FINER: Changing coordinates by (-8,0,9,0)
мар. 27, 2025 4:54:31 AM app.linker.Composite changeXY
FINER: Changing coordinates by (-9,0,9,0)
мар. 27, 2025 4:54:31 AM app.linker.Composite changeXY
FINER: Changing coordinates by (-11,0,11,0)
мар. 27, 2025 4:54:31 AM app.linker.Composite changeXY
FINER: Changing coordinates by (-12,0,11,0)
мар. 27, 2025 4:54:31 AM app.linker.Composite changeXY
FINER: Changing coordinates by (-12,0,12,0)
мар. 27, 2025 4:54:31 AM app.linker.Composite changeXY
FINER: Changing coordinates by (-13,0,12,0)
мар. 27, 2025 4:54:31 AM app.linker.Composite changeXY
FINER: Changing coordinates by (-14,0,13,0)
мар. 27, 2025 4:54:31 AM app.linker.Composite changeXY
FINER: Changing coordinates by (-15,0,13,0)
мар. 27, 2025 4:54:31 AM app.linker.Composite changeXY
FINER: Changing coordinates by (-16,0,14,0)
мар. 27, 2025 4:54:31 AM app.linker.Composite changeXY
FINER: Changing coordinates by (-17,0,15,0)
мар. 27, 2025 4:54:31 AM app.linker.Composite changeXY
FINER: Changing coordinates by (-18,0,15,0)
мар. 27, 2025 4:54:31 AM app.linker.Composite changeXY
FINER: Changing coordinates by (-19,0,15,0)
мар. 27, 2025 4:54:31 AM app.linker.Composite changeXY
FINER: Changing coordinates by (-19,0,16,0)
мар. 27, 2025 4:54:31 AM app.linker.Composite changeXY
FINER: Changing coordinates by (-20,0,16,0)
мар. 27, 2025 4:54:31 AM app.linker.Composite changeXY
FINER: Changing coordinates by (-21,0,16,0)
мар. 27, 2025 4:54:31 AM app.linker.Composite changeXY
FINER: Changing coordinates by (-21,0,17,0)
мар. 27, 2025 4:54:31 AM app.linker.Composite changeXY
FINER: Changing coordinates by (-22,0,17,0)
мар. 27, 2025 4:54:31 AM app.linker.Composite changeXY
FINER: Changing coordinates by (-23,0,17,0)
мар. 27, 2025 4:54:31 AM app.linker.Composite changeXY
FINER: Changing coordinates by (-23,0,18,0)
мар. 27, 2025 4:54:31 AM app.linker.Composite changeXY
FINER: Changing coordinates by (-24,0,18,0)
мар. 27, 2025 4:54:31 AM app.linker.Composite changeXY
FINER: Changing coordinates by (-24,0,19,0)
мар. 27, 2025 4:54:31 AM app.linker.Composite changeXY
FINER: Changing coordinates by (-25,0,19,0)
мар. 27, 2025 4:54:31 AM app.linker.Composite changeXY
FINER: Changing coordinates by (-26,0,19,0)
мар. 27, 2025 4:54:31 AM app.linker.Composite changeXY
FINER: Changing coordinates by (-27,0,19,0)
мар. 27, 2025 4:54:31 AM app.linker.Composite changeXY
FINER: Changing coordinates by (-27,0,20,0)
мар. 27, 2025 4:54:31 AM app.linker.Composite changeXY
FINER: Changing coordinates by (-28,0,20,0)
мар. 27, 2025 4:54:31 AM app.linker.Composite changeXY
FINER: Changing coordinates by (-29,0,20,0)
мар. 27, 2025 4:54:31 AM app.linker.Composite changeXY
FINER: Changing coordinates by (-30,0,20,0)
мар. 27, 2025 4:54:31 AM app.linker.Composite changeXY
FINER: Changing coordinates by (-30,0,21,0)
мар. 27, 2025 4:54:31 AM app.linker.Composite changeXY
FINER: Changing coordinates by (-31,0,21,0)
мар. 27, 2025 4:54:31 AM app.linker.Composite changeXY
FINER: Changing coordinates by (-32,0,21,0)
мар. 27, 2025 4:54:31 AM app.linker.Composite changeXY
FINER: Changing coordinates by (-33,0,22,0)
мар. 27, 2025 4:54:31 AM app.linker.Composite changeXY
FINER: Changing coordinates by (-33,0,23,0)
мар. 27, 2025 4:54:31 AM app.linker.Composite changeXY
FINER: Changing coordinates by (-34,0,23,0)
мар. 27, 2025 4:54:31 AM app.linker.Composite changeXY
FINER: Changing coordinates by (-35,0,23,0)
мар. 27, 2025 4:54:31 AM app.linker.Composite changeXY
FINER: Changing coordinates by (-36,0,24,0)
мар. 27, 2025 4:54:31 AM app.linker.Composite changeXY
FINER: Changing coordinates by (-37,0,24,0)
мар. 27, 2025 4:54:31 AM app.linker.Composite changeXY
FINER: Changing coordinates by (-37,0,25,0)
мар. 27, 2025 4:54:31 AM app.linker.Composite changeXY
FINER: Changing coordinates by (-38,0,25,0)
мар. 27, 2025 4:54:31 AM app.linker.Composite changeXY
FINER: Changing coordinates by (-39,0,25,0)
мар. 27, 2025 4:54:31 AM app.linker.Composite changeXY
FINER: Changing coordinates by (-39,0,26,0)
мар. 27, 2025 4:54:31 AM app.linker.Composite changeXY
FINER: Changing coordinates by (-40,0,26,0)
мар. 27, 2025 4:54:31 AM app.linker.Composite changeXY
FINER: Changing coordinates by (-40,0,27,0)
мар. 27, 2025 4:54:31 AM app.linker.Composite changeXY
FINER: Changing coordinates by (-41,0,27,0)
мар. 27, 2025 4:54:31 AM app.linker.Composite changeXY
FINER: Changing coordinates by (-41,0,28,0)
мар. 27, 2025 4:54:31 AM app.linker.Composite changeXY
FINER: Changing coordinates by (-42,0,28,0)
мар. 27, 2025 4:54:31 AM app.linker.Composite changeXY
FINER: Changing coordinates by (-42,0,29,0)
мар. 27, 2025 4:54:31 AM app.linker.Composite changeXY
FINER: Changing coordinates by (-43,0,29,0)
мар. 27, 2025 4:54:31 AM app.linker.Composite changeXY
FINER: Changing coordinates by (-44,0,30,0)
мар. 27, 2025 4:54:31 AM app.linker.Composite changeXY
FINER: Changing coordinates by (-44,0,31,0)
мар. 27, 2025 4:54:31 AM app.linker.Composite changeXY
FINER: Changing coordinates by (-45,0,31,0)
мар. 27, 2025 4:54:31 AM app.linker.Composite changeXY
FINER: Changing coordinates by (-45,0,32,0)
мар. 27, 2025 4:54:31 AM app.linker.Composite changeXY
FINER: Changing coordinates by (-46,0,32,0)
мар. 27, 2025 4:54:31 AM app.linker.Composite changeXY
FINER: Changing coordinates by (-46,0,33,0)
мар. 27, 2025 4:54:31 AM app.linker.Composite changeXY
FINER: Changing coordinates by (-47,0,34,0)
мар. 27, 2025 4:54:31 AM app.linker.Composite changeXY
FINER: Changing coordinates by (-47,0,35,0)
мар. 27, 2025 4:54:31 AM app.linker.Composite changeXY
FINER: Changing coordinates by (-48,0,35,0)
мар. 27, 2025 4:54:31 AM app.linker.Composite changeXY
FINER: Changing coordinates by (-48,0,36,0)
мар. 27, 2025 4:54:31 AM app.linker.Composite changeXY
FINER: Changing coordinates by (-49,0,36,0)
мар. 27, 2025 4:54:31 AM app.linker.Composite changeXY
FINER: Changing coordinates by (-49,0,37,0)
мар. 27, 2025 4:54:31 AM app.linker.Composite changeXY
FINER: Changing coordinates by (-50,0,37,0)
мар. 27, 2025 4:54:31 AM app.linker.Composite changeXY
FINER: Changing coordinates by (-50,0,38,0)
мар. 27, 2025 4:54:31 AM app.linker.Composite changeXY
FINER: Changing coordinates by (-51,0,38,0)
мар. 27, 2025 4:54:31 AM app.linker.Composite changeXY
FINER: Changing coordinates by (-51,0,39,0)
мар. 27, 2025 4:54:31 AM app.linker.Composite changeXY
FINER: Changing coordinates by (-52,0,39,0)
мар. 27, 2025 4:54:31 AM app.linker.Composite changeXY
FINER: Changing coordinates by (-52,0,40,0)
мар. 27, 2025 4:54:31 AM app.linker.Composite changeXY
FINER: Changing coordinates by (-53,0,41,0)
мар. 27, 2025 4:54:31 AM app.linker.Composite changeXY
FINER: Changing coordinates by (-53,0,42,0)
мар. 27, 2025 4:54:31 AM app.linker.Composite changeXY
FINER: Changing coordinates by (-54,0,42,0)
мар. 27, 2025 4:54:31 AM app.linker.Composite changeXY
FINER: Changing coordinates by (-54,0,43,0)
мар. 27, 2025 4:54:31 AM app.linker.Composite changeXY
FINER: Changing coordinates by (-54,0,44,0)
мар. 27, 2025 4:54:31 AM app.linker.Composite changeXY
FINER: Changing coordinates by (-55,0,44,0)
мар. 27, 2025 4:54:31 AM app.linker.Composite changeXY
FINER: Changing coordinates by (-55,0,45,0)
мар. 27, 2025 4:54:31 AM app.linker.Composite changeXY
FINER: Changing coordinates by (-56,0,45,0)
мар. 27, 2025 4:54:31 AM app.linker.Composite changeXY
FINER: Changing coordinates by (-56,0,46,0)
мар. 27, 2025 4:54:31 AM app.linker.Composite changeXY
FINER: Changing coordinates by (-56,0,47,0)
мар. 27, 2025 4:54:31 AM app.linker.Composite changeXY
FINER: Changing coordinates by (-57,0,47,0)
мар. 27, 2025 4:54:31 AM app.linker.Composite changeXY
FINER: Changing coordinates by (-57,0,48,0)
мар. 27, 2025 4:54:31 AM app.linker.Composite changeXY
FINER: Changing coordinates by (-58,0,49,0)
мар. 27, 2025 4:54:31 AM app.linker.Composite changeXY
FINER: Changing coordinates by (-59,0,50,0)
мар. 27, 2025 4:54:31 AM app.linker.Composite changeXY
FINER: Changing coordinates by (-60,0,50,0)
мар. 27, 2025 4:54:31 AM app.linker.Composite changeXY
FINER: Changing coordinates by (-60,0,51,0)
мар. 27, 2025 4:54:31 AM app.linker.Composite changeXY
FINER: Changing coordinates by (-61,0,51,0)
мар. 27, 2025 4:54:31 AM app.linker.Composite changeXY
FINER: Changing coordinates by (-61,0,52,0)
мар. 27, 2025 4:54:31 AM app.linker.Composite changeXY
FINER: Changing coordinates by (-62,0,52,0)
мар. 27, 2025 4:54:31 AM app.linker.Composite changeXY
FINER: Changing coordinates by (-63,0,53,0)
мар. 27, 2025 4:54:31 AM app.linker.Composite changeXY
FINER: Changing coordinates by (-64,0,53,0)
мар. 27, 2025 4:54:31 AM app.linker.Composite changeXY
FINER: Changing coordinates by (-64,0,54,0)
мар. 27, 2025 4:54:31 AM app.linker.Composite changeXY
FINER: Changing coordinates by (-65,0,54,0)
мар. 27, 2025 4:54:31 AM app.linker.Composite changeXY
FINER: Changing coordinates by (-66,0,54,0)
мар. 27, 2025 4:54:31 AM app.linker.Composite changeXY
FINER: Changing coordinates by (-66,0,55,0)
мар. 27, 2025 4:54:31 AM app.linker.Composite changeXY
FINER: Changing coordinates by (-66,0,56,0)
мар. 27, 2025 4:54:31 AM app.linker.Composite changeXY
FINER: Changing coordinates by (-67,0,56,0)
мар. 27, 2025 4:54:32 AM app.linker.Composite getArray
FINE: Getting array of decorates
