мар. 27, 2025 4:54:27 AM app.model.Decorate <init>
FINE: Decorate created for shape: Круг
мар. 27, 2025 4:54:27 AM app.model.Decorate setAddons
FINE: Setting 0 addons
мар. 27, 2025 4:54:27 AM app.model.Decorate draw
FINER: Drawing decorated shape
мар. 27, 2025 4:54:29 AM app.model.Decorate draw
FINER: Drawing decorated shape
мар. 27, 2025 4:54:31 AM app.model.Decorate draw
FINER: Drawing decorated shape
мар. 27, 2025 4:54:31 AM app.model.Decorate draw
FINER: Drawing decorated shape
мар. 27, 2025 4:54:31 AM app.model.Decorate draw
FINER: Drawing decorated shape
мар. 27, 2025 4:54:31 AM app.model.Decorate draw
FINER: Drawing decorated shape
мар. 27, 2025 4:54:31 AM app.model.Decorate draw
FINER: Drawing decorated shape
мар. 27, 2025 4:54:31 AM app.model.Decorate draw
FINER: Drawing decorated shape
мар. 27, 2025 4:54:31 AM app.model.Decorate draw
FINER: Drawing decorated shape
мар. 27, 2025 4:54:31 AM app.model.Decorate draw
FINER: Drawing decorated shape
мар. 27, 2025 4:54:31 AM app.model.Decorate draw
FINER: Drawing decorated shape
мар. 27, 2025 4:54:31 AM app.model.Decorate draw
FINER: Drawing decorated shape
мар. 27, 2025 4:54:31 AM app.model.Decorate draw
FINER: Drawing decorated shape
мар. 27, 2025 4:54:31 AM app.model.Decorate draw
FINER: Drawing decorated shape
мар. 27, 2025 4:54:31 AM app.model.Decorate draw
FINER: Drawing decorated shape
мар. 27, 2025 4:54:31 AM app.model.Decorate draw
FINER: Drawing decorated shape
мар. 27, 2025 4:54:31 AM app.model.Decorate draw
FINER: Drawing decorated shape
мар. 27, 2025 4:54:31 AM app.model.Decorate draw
FINER: Drawing decorated shape
мар. 27, 2025 4:54:31 AM app.model.Decorate draw
FINER: Drawing decorated shape
мар. 27, 2025 4:54:31 AM app.model.Decorate draw
FINER: Drawing decorated shape
мар. 27, 2025 4:54:31 AM app.model.Decorate draw
FINER: Drawing decorated shape
мар. 27, 2025 4:54:31 AM app.model.Decorate draw
FINER: Drawing decorated shape
мар. 27, 2025 4:54:31 AM app.model.Decorate draw
FINER: Drawing decorated shape
мар. 27, 2025 4:54:31 AM app.model.Decorate draw
FINER: Drawing decorated shape
мар. 27, 2025 4:54:31 AM app.model.Decorate draw
FINER: Drawing decorated shape
мар. 27, 2025 4:54:31 AM app.model.Decorate draw
FINER: Drawing decorated shape
мар. 27, 2025 4:54:31 AM app.model.Decorate draw
FINER: Drawing decorated shape
мар. 27, 2025 4:54:31 AM app.model.Decorate draw
FINER: Drawing decorated shape
мар. 27, 2025 4:54:31 AM app.model.Decorate draw
FINER: Drawing decorated shape
мар. 27, 2025 4:54:31 AM app.model.Decorate draw
FINER: Drawing decorated shape
мар. 27, 2025 4:54:31 AM app.model.Decorate draw
FINER: Drawing decorated shape
мар. 27, 2025 4:54:31 AM app.model.Decorate draw
FINER: Drawing decorated shape
мар. 27, 2025 4:54:31 AM app.model.Decorate draw
FINER: Drawing decorated shape
мар. 27, 2025 4:54:31 AM app.model.Decorate draw
FINER: Drawing decorated shape
мар. 27, 2025 4:54:31 AM app.model.Decorate draw
FINER: Drawing decorated shape
мар. 27, 2025 4:54:31 AM app.model.Decorate draw
FINER: Drawing decorated shape
мар. 27, 2025 4:54:31 AM app.model.Decorate draw
FINER: Drawing decorated shape
мар. 27, 2025 4:54:31 AM app.model.Decorate draw
FINER: Drawing decorated shape
мар. 27, 2025 4:54:31 AM app.model.Decorate draw
FINER: Drawing decorated shape
мар. 27, 2025 4:54:31 AM app.model.Decorate draw
FINER: Drawing decorated shape
мар. 27, 2025 4:54:31 AM app.model.Decorate draw
FINER: Drawing decorated shape
мар. 27, 2025 4:54:31 AM app.model.Decorate draw
FINER: Drawing decorated shape
мар. 27, 2025 4:54:31 AM app.model.Decorate draw
FINER: Drawing decorated shape
мар. 27, 2025 4:54:31 AM app.model.Decorate draw
FINER: Drawing decorated shape
мар. 27, 2025 4:54:31 AM app.model.Decorate draw
FINER: Drawing decorated shape
мар. 27, 2025 4:54:31 AM app.model.Decorate draw
FINER: Drawing decorated shape
мар. 27, 2025 4:54:31 AM app.model.Decorate draw
FINER: Drawing decorated shape
мар. 27, 2025 4:54:31 AM app.model.Decorate draw
FINER: Drawing decorated shape
мар. 27, 2025 4:54:31 AM app.model.Decorate draw
FINER: Drawing decorated shape
мар. 27, 2025 4:54:31 AM app.model.Decorate draw
FINER: Drawing decorated shape
мар. 27, 2025 4:54:31 AM app.model.Decorate draw
FINER: Drawing decorated shape
мар. 27, 2025 4:54:31 AM app.model.Decorate draw
FINER: Drawing decorated shape
мар. 27, 2025 4:54:31 AM app.model.Decorate draw
FINER: Drawing decorated shape
мар. 27, 2025 4:54:31 AM app.model.Decorate draw
FINER: Drawing decorated shape
мар. 27, 2025 4:54:31 AM app.model.Decorate draw
FINER: Drawing decorated shape
мар. 27, 2025 4:54:31 AM app.model.Decorate draw
FINER: Drawing decorated shape
мар. 27, 2025 4:54:31 AM app.model.Decorate draw
FINER: Drawing decorated shape
мар. 27, 2025 4:54:31 AM app.model.Decorate draw
FINER: Drawing decorated shape
мар. 27, 2025 4:54:31 AM app.model.Decorate draw
FINER: Drawing decorated shape
мар. 27, 2025 4:54:31 AM app.model.Decorate draw
FINER: Drawing decorated shape
мар. 27, 2025 4:54:31 AM app.model.Decorate draw
FINER: Drawing decorated shape
мар. 27, 2025 4:54:31 AM app.model.Decorate draw
FINER: Drawing decorated shape
мар. 27, 2025 4:54:31 AM app.model.Decorate draw
FINER: Drawing decorated shape
мар. 27, 2025 4:54:31 AM app.model.Decorate draw
FINER: Drawing decorated shape
мар. 27, 2025 4:54:31 AM app.model.Decorate draw
FINER: Drawing decorated shape
мар. 27, 2025 4:54:31 AM app.model.Decorate draw
FINER: Drawing decorated shape
мар. 27, 2025 4:54:31 AM app.model.Decorate draw
FINER: Drawing decorated shape
мар. 27, 2025 4:54:31 AM app.model.Decorate draw
FINER: Drawing decorated shape
мар. 27, 2025 4:54:31 AM app.model.Decorate draw
FINER: Drawing decorated shape
мар. 27, 2025 4:54:31 AM app.model.Decorate draw
FINER: Drawing decorated shape
мар. 27, 2025 4:54:31 AM app.model.Decorate draw
FINER: Drawing decorated shape
мар. 27, 2025 4:54:31 AM app.model.Decorate draw
FINER: Drawing decorated shape
мар. 27, 2025 4:54:31 AM app.model.Decorate draw
FINER: Drawing decorated shape
мар. 27, 2025 4:54:31 AM app.model.Decorate draw
FINER: Drawing decorated shape
мар. 27, 2025 4:54:31 AM app.model.Decorate draw
FINER: Drawing decorated shape
мар. 27, 2025 4:54:31 AM app.model.Decorate draw
FINER: Drawing decorated shape
мар. 27, 2025 4:54:31 AM app.model.Decorate draw
FINER: Drawing decorated shape
мар. 27, 2025 4:54:31 AM app.model.Decorate draw
FINER: Drawing decorated shape
мар. 27, 2025 4:54:31 AM app.model.Decorate draw
FINER: Drawing decorated shape
мар. 27, 2025 4:54:31 AM app.model.Decorate draw
FINER: Drawing decorated shape
мар. 27, 2025 4:54:31 AM app.model.Decorate draw
FINER: Drawing decorated shape
мар. 27, 2025 4:54:31 AM app.model.Decorate draw
FINER: Drawing decorated shape
мар. 27, 2025 4:54:31 AM app.model.Decorate draw
FINER: Drawing decorated shape
мар. 27, 2025 4:54:31 AM app.model.Decorate draw
FINER: Drawing decorated shape
мар. 27, 2025 4:54:31 AM app.model.Decorate draw
FINER: Drawing decorated shape
мар. 27, 2025 4:54:31 AM app.model.Decorate draw
FINER: Drawing decorated shape
мар. 27, 2025 4:54:31 AM app.model.Decorate draw
FINER: Drawing decorated shape
мар. 27, 2025 4:54:31 AM app.model.Decorate draw
FINER: Drawing decorated shape
мар. 27, 2025 4:54:31 AM app.model.Decorate draw
FINER: Drawing decorated shape
мар. 27, 2025 4:54:31 AM app.model.Decorate draw
FINER: Drawing decorated shape
мар. 27, 2025 4:54:31 AM app.model.Decorate draw
FINER: Drawing decorated shape
мар. 27, 2025 4:54:31 AM app.model.Decorate draw
FINER: Drawing decorated shape
мар. 27, 2025 4:54:31 AM app.model.Decorate draw
FINER: Drawing decorated shape
мар. 27, 2025 4:54:31 AM app.model.Decorate draw
FINER: Drawing decorated shape
мар. 27, 2025 4:54:31 AM app.model.Decorate draw
FINER: Drawing decorated shape
мар. 27, 2025 4:54:31 AM app.model.Decorate draw
FINER: Drawing decorated shape
мар. 27, 2025 4:54:31 AM app.model.Decorate draw
FINER: Drawing decorated shape
мар. 27, 2025 4:54:31 AM app.model.Decorate draw
FINER: Drawing decorated shape
мар. 27, 2025 4:54:31 AM app.model.Decorate draw
FINER: Drawing decorated shape
мар. 27, 2025 4:54:31 AM app.model.Decorate draw
FINER: Drawing decorated shape
мар. 27, 2025 4:54:31 AM app.model.Decorate draw
FINER: Drawing decorated shape
мар. 27, 2025 4:54:31 AM app.model.Decorate draw
FINER: Drawing decorated shape
мар. 27, 2025 4:54:31 AM app.model.Decorate draw
FINER: Drawing decorated shape
мар. 27, 2025 4:54:31 AM app.model.Decorate draw
FINER: Drawing decorated shape
мар. 27, 2025 4:54:31 AM app.model.Decorate draw
FINER: Drawing decorated shape
мар. 27, 2025 4:54:31 AM app.model.Decorate draw
FINER: Drawing decorated shape
мар. 27, 2025 4:54:31 AM app.model.Decorate draw
FINER: Drawing decorated shape
мар. 27, 2025 4:54:31 AM app.model.Decorate draw
FINER: Drawing decorated shape
