мар. 27, 2025 4:54:22 AM app.model.Momento <init>
INFO: Momento created
мар. 27, 2025 4:54:27 AM app.model.Momento push
FINE: Pushing state to momento
мар. 27, 2025 4:54:29 AM app.model.Momento getListShapes
FINE: Getting list of shapes
мар. 27, 2025 4:54:29 AM app.model.Momento getListShapes
FINE: Getting list of shapes
мар. 27, 2025 4:54:31 AM app.model.Momento getListShapes
FINE: Getting list of shapes
мар. 27, 2025 4:54:31 AM app.model.Momento getListShapes
FINE: Getting list of shapes
мар. 27, 2025 4:54:31 AM app.model.Momento getListShapes
FINE: Getting list of shapes
мар. 27, 2025 4:54:31 AM app.model.Momento getListShapes
FINE: Getting list of shapes
мар. 27, 2025 4:54:31 AM app.model.Momento getListShapes
FINE: Getting list of shapes
мар. 27, 2025 4:54:31 AM app.model.Momento getListShapes
FINE: Getting list of shapes
мар. 27, 2025 4:54:31 AM app.model.Momento getListShapes
FINE: Getting list of shapes
мар. 27, 2025 4:54:31 AM app.model.Momento getListShapes
FINE: Getting list of shapes
мар. 27, 2025 4:54:31 AM app.model.Momento getListShapes
FINE: Getting list of shapes
мар. 27, 2025 4:54:31 AM app.model.Momento getListShapes
FINE: Getting list of shapes
мар. 27, 2025 4:54:31 AM app.model.Momento getListShapes
FINE: Getting list of shapes
мар. 27, 2025 4:54:31 AM app.model.Momento getListShapes
FINE: Getting list of shapes
мар. 27, 2025 4:54:31 AM app.model.Momento getListShapes
FINE: Getting list of shapes
мар. 27, 2025 4:54:31 AM app.model.Momento getListShapes
FINE: Getting list of shapes
мар. 27, 2025 4:54:31 AM app.model.Momento getListShapes
FINE: Getting list of shapes
мар. 27, 2025 4:54:31 AM app.model.Momento getListShapes
FINE: Getting list of shapes
мар. 27, 2025 4:54:31 AM app.model.Momento getListShapes
FINE: Getting list of shapes
мар. 27, 2025 4:54:31 AM app.model.Momento getListShapes
FINE: Getting list of shapes
мар. 27, 2025 4:54:31 AM app.model.Momento getListShapes
FINE: Getting list of shapes
мар. 27, 2025 4:54:31 AM app.model.Momento getListShapes
FINE: Getting list of shapes
мар. 27, 2025 4:54:31 AM app.model.Momento getListShapes
FINE: Getting list of shapes
мар. 27, 2025 4:54:31 AM app.model.Momento getListShapes
FINE: Getting list of shapes
мар. 27, 2025 4:54:31 AM app.model.Momento getListShapes
FINE: Getting list of shapes
мар. 27, 2025 4:54:31 AM app.model.Momento getListShapes
FINE: Getting list of shapes
мар. 27, 2025 4:54:31 AM app.model.Momento getListShapes
FINE: Getting list of shapes
мар. 27, 2025 4:54:31 AM app.model.Momento getListShapes
FINE: Getting list of shapes
мар. 27, 2025 4:54:31 AM app.model.Momento getListShapes
FINE: Getting list of shapes
мар. 27, 2025 4:54:31 AM app.model.Momento getListShapes
FINE: Getting list of shapes
мар. 27, 2025 4:54:31 AM app.model.Momento getListShapes
FINE: Getting list of shapes
мар. 27, 2025 4:54:31 AM app.model.Momento getListShapes
FINE: Getting list of shapes
мар. 27, 2025 4:54:31 AM app.model.Momento getListShapes
FINE: Getting list of shapes
мар. 27, 2025 4:54:31 AM app.model.Momento getListShapes
FINE: Getting list of shapes
мар. 27, 2025 4:54:31 AM app.model.Momento getListShapes
FINE: Getting list of shapes
мар. 27, 2025 4:54:31 AM app.model.Momento getListShapes
FINE: Getting list of shapes
мар. 27, 2025 4:54:31 AM app.model.Momento getListShapes
FINE: Getting list of shapes
мар. 27, 2025 4:54:31 AM app.model.Momento getListShapes
FINE: Getting list of shapes
мар. 27, 2025 4:54:31 AM app.model.Momento getListShapes
FINE: Getting list of shapes
мар. 27, 2025 4:54:31 AM app.model.Momento getListShapes
FINE: Getting list of shapes
мар. 27, 2025 4:54:31 AM app.model.Momento getListShapes
FINE: Getting list of shapes
мар. 27, 2025 4:54:31 AM app.model.Momento getListShapes
FINE: Getting list of shapes
мар. 27, 2025 4:54:31 AM app.model.Momento getListShapes
FINE: Getting list of shapes
мар. 27, 2025 4:54:31 AM app.model.Momento getListShapes
FINE: Getting list of shapes
мар. 27, 2025 4:54:31 AM app.model.Momento getListShapes
FINE: Getting list of shapes
мар. 27, 2025 4:54:31 AM app.model.Momento getListShapes
FINE: Getting list of shapes
мар. 27, 2025 4:54:31 AM app.model.Momento getListShapes
FINE: Getting list of shapes
мар. 27, 2025 4:54:31 AM app.model.Momento getListShapes
FINE: Getting list of shapes
мар. 27, 2025 4:54:31 AM app.model.Momento getListShapes
FINE: Getting list of shapes
мар. 27, 2025 4:54:31 AM app.model.Momento getListShapes
FINE: Getting list of shapes
мар. 27, 2025 4:54:31 AM app.model.Momento getListShapes
FINE: Getting list of shapes
мар. 27, 2025 4:54:31 AM app.model.Momento getListShapes
FINE: Getting list of shapes
мар. 27, 2025 4:54:31 AM app.model.Momento getListShapes
FINE: Getting list of shapes
мар. 27, 2025 4:54:31 AM app.model.Momento getListShapes
FINE: Getting list of shapes
мар. 27, 2025 4:54:31 AM app.model.Momento getListShapes
FINE: Getting list of shapes
мар. 27, 2025 4:54:31 AM app.model.Momento getListShapes
FINE: Getting list of shapes
мар. 27, 2025 4:54:31 AM app.model.Momento getListShapes
FINE: Getting list of shapes
мар. 27, 2025 4:54:31 AM app.model.Momento getListShapes
FINE: Getting list of shapes
мар. 27, 2025 4:54:31 AM app.model.Momento getListShapes
FINE: Getting list of shapes
мар. 27, 2025 4:54:31 AM app.model.Momento getListShapes
FINE: Getting list of shapes
мар. 27, 2025 4:54:31 AM app.model.Momento getListShapes
FINE: Getting list of shapes
мар. 27, 2025 4:54:31 AM app.model.Momento getListShapes
FINE: Getting list of shapes
мар. 27, 2025 4:54:31 AM app.model.Momento getListShapes
FINE: Getting list of shapes
мар. 27, 2025 4:54:31 AM app.model.Momento getListShapes
FINE: Getting list of shapes
мар. 27, 2025 4:54:31 AM app.model.Momento getListShapes
FINE: Getting list of shapes
мар. 27, 2025 4:54:31 AM app.model.Momento getListShapes
FINE: Getting list of shapes
мар. 27, 2025 4:54:31 AM app.model.Momento getListShapes
FINE: Getting list of shapes
мар. 27, 2025 4:54:31 AM app.model.Momento getListShapes
FINE: Getting list of shapes
мар. 27, 2025 4:54:31 AM app.model.Momento getListShapes
FINE: Getting list of shapes
мар. 27, 2025 4:54:31 AM app.model.Momento getListShapes
FINE: Getting list of shapes
мар. 27, 2025 4:54:31 AM app.model.Momento getListShapes
FINE: Getting list of shapes
мар. 27, 2025 4:54:31 AM app.model.Momento getListShapes
FINE: Getting list of shapes
мар. 27, 2025 4:54:31 AM app.model.Momento getListShapes
FINE: Getting list of shapes
мар. 27, 2025 4:54:31 AM app.model.Momento getListShapes
FINE: Getting list of shapes
мар. 27, 2025 4:54:31 AM app.model.Momento getListShapes
FINE: Getting list of shapes
мар. 27, 2025 4:54:31 AM app.model.Momento getListShapes
FINE: Getting list of shapes
мар. 27, 2025 4:54:31 AM app.model.Momento getListShapes
FINE: Getting list of shapes
мар. 27, 2025 4:54:31 AM app.model.Momento getListShapes
FINE: Getting list of shapes
мар. 27, 2025 4:54:31 AM app.model.Momento getListShapes
FINE: Getting list of shapes
мар. 27, 2025 4:54:31 AM app.model.Momento getListShapes
FINE: Getting list of shapes
мар. 27, 2025 4:54:31 AM app.model.Momento getListShapes
FINE: Getting list of shapes
мар. 27, 2025 4:54:31 AM app.model.Momento getListShapes
FINE: Getting list of shapes
мар. 27, 2025 4:54:31 AM app.model.Momento getListShapes
FINE: Getting list of shapes
мар. 27, 2025 4:54:31 AM app.model.Momento getListShapes
FINE: Getting list of shapes
мар. 27, 2025 4:54:31 AM app.model.Momento getListShapes
FINE: Getting list of shapes
мар. 27, 2025 4:54:31 AM app.model.Momento getListShapes
FINE: Getting list of shapes
мар. 27, 2025 4:54:31 AM app.model.Momento getListShapes
FINE: Getting list of shapes
мар. 27, 2025 4:54:31 AM app.model.Momento getListShapes
FINE: Getting list of shapes
мар. 27, 2025 4:54:31 AM app.model.Momento getListShapes
FINE: Getting list of shapes
мар. 27, 2025 4:54:31 AM app.model.Momento getListShapes
FINE: Getting list of shapes
мар. 27, 2025 4:54:31 AM app.model.Momento getListShapes
FINE: Getting list of shapes
мар. 27, 2025 4:54:31 AM app.model.Momento getListShapes
FINE: Getting list of shapes
мар. 27, 2025 4:54:31 AM app.model.Momento getListShapes
FINE: Getting list of shapes
мар. 27, 2025 4:54:31 AM app.model.Momento getListShapes
FINE: Getting list of shapes
мар. 27, 2025 4:54:31 AM app.model.Momento getListShapes
FINE: Getting list of shapes
мар. 27, 2025 4:54:31 AM app.model.Momento getListShapes
FINE: Getting list of shapes
мар. 27, 2025 4:54:31 AM app.model.Momento getListShapes
FINE: Getting list of shapes
мар. 27, 2025 4:54:31 AM app.model.Momento getListShapes
FINE: Getting list of shapes
мар. 27, 2025 4:54:31 AM app.model.Momento getListShapes
FINE: Getting list of shapes
мар. 27, 2025 4:54:31 AM app.model.Momento getListShapes
FINE: Getting list of shapes
мар. 27, 2025 4:54:31 AM app.model.Momento getListShapes
FINE: Getting list of shapes
мар. 27, 2025 4:54:31 AM app.model.Momento getListShapes
FINE: Getting list of shapes
мар. 27, 2025 4:54:31 AM app.model.Momento getListShapes
FINE: Getting list of shapes
мар. 27, 2025 4:54:31 AM app.model.Momento getListShapes
FINE: Getting list of shapes
мар. 27, 2025 4:54:31 AM app.model.Momento getListShapes
FINE: Getting list of shapes
мар. 27, 2025 4:54:31 AM app.model.Momento getListShapes
FINE: Getting list of shapes
мар. 27, 2025 4:54:31 AM app.model.Momento getListShapes
FINE: Getting list of shapes
мар. 27, 2025 4:54:31 AM app.model.Momento getListShapes
FINE: Getting list of shapes
мар. 27, 2025 4:54:32 AM app.model.Momento remove
FINE: Remove operation succeeded
мар. 27, 2025 4:54:32 AM app.model.Momento getListShapes
FINE: Getting list of shapes
